<?xml version="1.0" encoding="UTF-8"?>
<!-- Generated by org.testng.reporters.JUnitReportReporter -->
<testsuite hostname="DESKTOP-0AAQTU0" failures="0" tests="2" name="com.testannotations.TestAnnotation" time="0.003" errors="0" timestamp="2022-09-04T16:43:24 EDT" skipped="0">
  <testcase classname="com.testannotations.TestAnnotation" name="test2" time="0.000"/>
  <system-out/>
  <testcase classname="com.testannotations.TestAnnotation" name="test1" time="0.003"/>
  <system-out/>
</testsuite> <!-- com.testannotations.TestAnnotation -->
